<?xml version="1.0" encoding="UTF-8"?>
<testsuite name="unit_tests.SampleUnitTest" tests="1" skipped="0" failures="0" errors="0" timestamp="2019-07-04T00:19:32" hostname="at09lual05" time="0.002">
  <properties/>
  <testcase name="testSample" classname="unit_tests.SampleUnitTest" time="0.002"/>
  <system-out><![CDATA[]]></system-out>
  <system-err><![CDATA[]]></system-err>
</testsuite>
